npm warn config optional Use `--omit=optional` to exclude optional dependencies, or
npm warn config `--include=optional` to include them.
npm warn config
npm warn config       Default value does install optional deps unless otherwise omitted.
npm warn Unknown project config "unsafe-perm". This will stop working in the next major version of npm.
npm warn Unknown global config "msvs_version". This will stop working in the next major version of npm.

> jonchalon@0.1.0 build
> next build

▲ Next.js 16.1.1 (Turbopack)
- Environments: .env.local

  Creating an optimized production build ...
✓ Compiled successfully in 21.1s
  Running TypeScript ...
  Collecting page data using 7 workers ...
  Generating static pages using 7 workers (0/11) ...
  Generating static pages using 7 workers (2/11) 
  Generating static pages using 7 workers (5/11) 
  Generating static pages using 7 workers (8/11) 
✓ Generating static pages using 7 workers (11/11) in 1560.9ms
  Finalizing page optimization ...

Route (app)
┌ ○ /
├ ○ /_not-found
├ ○ /about
├ ƒ /api/inquiries
├ ○ /collaborations
├ ○ /contact
├ ○ /dance
├ ○ /media-kit
└ ○ /showcase


○  (Static)   prerendered as static content
ƒ  (Dynamic)  server-rendered on demand

