npm warn config optional Use `--omit=optional` to exclude optional dependencies, or
npm warn config `--include=optional` to include them.
npm warn config
npm warn config       Default value does install optional deps unless otherwise omitted.
npm warn Unknown project config "unsafe-perm". This will stop working in the next major version of npm.
npm warn Unknown global config "msvs_version". This will stop working in the next major version of npm.
- Checking project info
✓ Checking project info
Your project has not been assigned a studio hostname.
To deploy your Sanity Studio to our hosted sanity.studio service,
you will need one. Please enter the part you want to use.
? Studio hostname (<value>.sanity.studio): [43D[43C[2K[G? Studio hostname (<value>.sanity.studio):  [44D[44C[2K[G? Studio hostname (<value>.sanity.studio):  s[45D[45C[2K[G? Studio hostname (<value>.sanity.studio):  sl[46D[46C[2K[G? Studio hostname (<value>.sanity.studio):  sle[47D[47C[2K[G? Studio hostname (<value>.sanity.studio):  slee[48D[48C[2K[G? Studio hostname (<value>.sanity.studio):  sleep[49D[49C[2K[G? Studio hostname (<value>.sanity.studio):  sleep [50D[50C[2K[G? Studio hostname (<value>.sanity.studio):  sleep 7[51D[51C[2K[G? Studio hostname (<value>.sanity.studio):  sleep 70[52D[52CTypeError: Cannot read properties of undefined (reading 'length')
    at InputPrompt.onError (C:\Users\JM\OneDrive\Documents\GitHub\jonchalon\node_modules\@sanity\cli\lib\_chunks-cjs\cli.js:53929:66)
    at SafeSubscriber2._next (C:\Users\JM\OneDrive\Documents\GitHub\jonchalon\node_modules\@sanity\cli\lib\_chunks-cjs\cli.js:48605:11)
    at SafeSubscriber2.__tryOrUnsub (C:\Users\JM\OneDrive\Documents\GitHub\jonchalon\node_modules\@sanity\cli\lib\_chunks-cjs\cli.js:48525:10)
    at SafeSubscriber2.next (C:\Users\JM\OneDrive\Documents\GitHub\jonchalon\node_modules\@sanity\cli\lib\_chunks-cjs\cli.js:48496:101)
    at Subscriber2._next (C:\Users\JM\OneDrive\Documents\GitHub\jonchalon\node_modules\@sanity\cli\lib\_chunks-cjs\cli.js:48476:22)
    at Subscriber2.next (C:\Users\JM\OneDrive\Documents\GitHub\jonchalon\node_modules\@sanity\cli\lib\_chunks-cjs\cli.js:48468:28)
    at Subscriber2._next (C:\Users\JM\OneDrive\Documents\GitHub\jonchalon\node_modules\@sanity\cli\lib\_chunks-cjs\cli.js:48476:22)
    at Subscriber2.next (C:\Users\JM\OneDrive\Documents\GitHub\jonchalon\node_modules\@sanity\cli\lib\_chunks-cjs\cli.js:48468:28)
    at FilterSubscriber2._next (C:\Users\JM\OneDrive\Documents\GitHub\jonchalon\node_modules\@sanity\cli\lib\_chunks-cjs\cli.js:50206:32)
    at Subscriber2.next (C:\Users\JM\OneDrive\Documents\GitHub\jonchalon\node_modules\@sanity\cli\lib\_chunks-cjs\cli.js:48468:28)
Unhandled rejection: TypeError: Cannot read properties of undefined (reading 'length')
    at InputPrompt.onError (C:\Users\JM\OneDrive\Documents\GitHub\jonchalon\node_modules\@sanity\cli\lib\_chunks-cjs\cli.js:53929:66)
    at SafeSubscriber2._next (C:\Users\JM\OneDrive\Documents\GitHub\jonchalon\node_modules\@sanity\cli\lib\_chunks-cjs\cli.js:48605:11)
    at SafeSubscriber2.__tryOrUnsub (C:\Users\JM\OneDrive\Documents\GitHub\jonchalon\node_modules\@sanity\cli\lib\_chunks-cjs\cli.js:48525:10)
    at SafeSubscriber2.next (C:\Users\JM\OneDrive\Documents\GitHub\jonchalon\node_modules\@sanity\cli\lib\_chunks-cjs\cli.js:48496:101)
    at Subscriber2._next (C:\Users\JM\OneDrive\Documents\GitHub\jonchalon\node_modules\@sanity\cli\lib\_chunks-cjs\cli.js:48476:22)
    at Subscriber2.next (C:\Users\JM\OneDrive\Documents\GitHub\jonchalon\node_modules\@sanity\cli\lib\_chunks-cjs\cli.js:48468:28)
    at Subscriber2._next (C:\Users\JM\OneDrive\Documents\GitHub\jonchalon\node_modules\@sanity\cli\lib\_chunks-cjs\cli.js:48476:22)
    at Subscriber2.next (C:\Users\JM\OneDrive\Documents\GitHub\jonchalon\node_modules\@sanity\cli\lib\_chunks-cjs\cli.js:48468:28)
    at FilterSubscriber2._next (C:\Users\JM\OneDrive\Documents\GitHub\jonchalon\node_modules\@sanity\cli\lib\_chunks-cjs\cli.js:50206:32)
    at Subscriber2.next (C:\Users\JM\OneDrive\Documents\GitHub\jonchalon\node_modules\@sanity\cli\lib\_chunks-cjs\cli.js:48468:28)
